<?xml version="1.0" encoding="ISO-8859-1"?>
this xml document does not seem to be valid (no root node)
