<?xml version="1.0" encoding="ISO-8859-1"?>
<test>
    <menus>
        <list title="text" id="0">
            <child id="1">text1</child>
            <child id="2">text2</child>
        </list>
        <list title="Willkommen" id="0">
            <child id="1">Sofort Spielen</child>
            <child id="4">Gegner Wählen</child>
            <child id="5">Wer ist online?</child>
            <child id="6">Spielerliste</child>
            <child id="7">Hilfe</child>
        </list>
    </menus>
    <results>
        <list title="text" id="0" list="true"><child>text1</child><child>text2</child></list>
        <list title="Willkommen" id="0" list="true"><child>Sofort Spielen</child><child>Gegner Wählen</child><child>Wer ist online?</child><child>Spielerliste</child><child>Hilfe</child></list>
    </results>
</test>
