<?xml version="1.0" encoding="ISO-8859-1"?>
<menus>

    <list title="Welcome" id="0" list="true">
        <child id="1">First entry</child>
        <child id="2">Second entry</child>
        <child id="3">Third entry</child>
    </list>

    <text title="First" id="1" msg="testmessage 1"/>

    <text title="Second" id="2" msg="testmessage 2"/>

    <list title="Third" id="3" list="true">
        <child id="0">Main screen - welcome</child>
        <child id="1">First entry</child>
        <child id="2">Second entry</child>
    </list>

</menus>
